<?xml version="1.0" encoding="UTF-8"?>
<testsuite xmlns:xsi="http://www.w3.org/2001/XMLSchema-instance" xsi:noNamespaceSchemaLocation="https://maven.apache.org/surefire/maven-surefire-plugin/xsd/surefire-test-report-3.0.xsd" version="3.0" name="TestSuite" time="31.916" tests="16" errors="0" skipped="0" failures="0">
  <properties>
    <property name="java.specification.version" value="17"/>
    <property name="sun.cpu.isalist" value="amd64"/>
    <property name="sun.jnu.encoding" value="Cp1252"/>
    <property name="java.class.path" value="C:\Users\Dell\eclipse-workspace\authorREST_APIValidation\target\test-classes;C:\Users\Dell\eclipse-workspace\authorREST_APIValidation\target\classes;C:\Users\Dell\.m2\repository\io\rest-assured\rest-assured\5.3.2\rest-assured-5.3.2.jar;C:\Users\Dell\.m2\repository\org\apache\groovy\groovy\4.0.11\groovy-4.0.11.jar;C:\Users\Dell\.m2\repository\org\apache\groovy\groovy-xml\4.0.11\groovy-xml-4.0.11.jar;C:\Users\Dell\.m2\repository\org\apache\httpcomponents\httpclient\4.5.13\httpclient-4.5.13.jar;C:\Users\Dell\.m2\repository\org\apache\httpcomponents\httpcore\4.4.13\httpcore-4.4.13.jar;C:\Users\Dell\.m2\repository\commons-logging\commons-logging\1.2\commons-logging-1.2.jar;C:\Users\Dell\.m2\repository\org\apache\httpcomponents\httpmime\4.5.13\httpmime-4.5.13.jar;C:\Users\Dell\.m2\repository\org\hamcrest\hamcrest\2.2\hamcrest-2.2.jar;C:\Users\Dell\.m2\repository\org\ccil\cowan\tagsoup\tagsoup\1.2.1\tagsoup-1.2.1.jar;C:\Users\Dell\.m2\repository\io\rest-assured\xml-path\5.3.2\xml-path-5.3.2.jar;C:\Users\Dell\.m2\repository\io\rest-assured\json-path\5.3.2\json-path-5.3.2.jar;C:\Users\Dell\.m2\repository\org\apache\groovy\groovy-json\4.0.11\groovy-json-4.0.11.jar;C:\Users\Dell\.m2\repository\io\rest-assured\rest-assured-common\5.3.2\rest-assured-common-5.3.2.jar;C:\Users\Dell\.m2\repository\org\json\json\20220320\json-20220320.jar;C:\Users\Dell\.m2\repository\com\google\code\gson\gson\2.10.1\gson-2.10.1.jar;C:\Users\Dell\.m2\repository\org\testng\testng\7.6.1\testng-7.6.1.jar;C:\Users\Dell\.m2\repository\com\google\code\findbugs\jsr305\3.0.2\jsr305-3.0.2.jar;C:\Users\Dell\.m2\repository\org\slf4j\slf4j-api\1.7.36\slf4j-api-1.7.36.jar;C:\Users\Dell\.m2\repository\com\beust\jcommander\1.82\jcommander-1.82.jar;C:\Users\Dell\.m2\repository\org\webjars\jquery\3.6.0\jquery-3.6.0.jar;C:\Users\Dell\.m2\repository\com\github\scribejava\scribejava-apis\8.3.1\scribejava-apis-8.3.1.jar;C:\Users\Dell\.m2\repository\com\github\scribejava\scribejava-core\8.3.1\scribejava-core-8.3.1.jar;C:\Users\Dell\.m2\repository\com\github\scribejava\scribejava-java8\8.3.1\scribejava-java8-8.3.1.jar;C:\Users\Dell\.m2\repository\com\fasterxml\jackson\core\jackson-databind\2.12.3\jackson-databind-2.12.3.jar;C:\Users\Dell\.m2\repository\com\fasterxml\jackson\core\jackson-annotations\2.12.3\jackson-annotations-2.12.3.jar;C:\Users\Dell\.m2\repository\com\fasterxml\jackson\core\jackson-core\2.12.3\jackson-core-2.12.3.jar;C:\Users\Dell\.m2\repository\io\rest-assured\json-schema-validator\5.3.2\json-schema-validator-5.3.2.jar;C:\Users\Dell\.m2\repository\com\github\java-json-tools\json-schema-validator\2.2.14\json-schema-validator-2.2.14.jar;C:\Users\Dell\.m2\repository\com\github\java-json-tools\jackson-coreutils-equivalence\1.0\jackson-coreutils-equivalence-1.0.jar;C:\Users\Dell\.m2\repository\com\github\java-json-tools\jackson-coreutils\2.0\jackson-coreutils-2.0.jar;C:\Users\Dell\.m2\repository\com\github\java-json-tools\msg-simple\1.2\msg-simple-1.2.jar;C:\Users\Dell\.m2\repository\com\github\java-json-tools\btf\1.3\btf-1.3.jar;C:\Users\Dell\.m2\repository\com\github\java-json-tools\json-schema-core\1.2.14\json-schema-core-1.2.14.jar;C:\Users\Dell\.m2\repository\com\github\java-json-tools\uri-template\0.10\uri-template-0.10.jar;C:\Users\Dell\.m2\repository\org\mozilla\rhino\1.7.7.2\rhino-1.7.7.2.jar;C:\Users\Dell\.m2\repository\com\sun\mail\mailapi\1.6.2\mailapi-1.6.2.jar;C:\Users\Dell\.m2\repository\joda-time\joda-time\2.10.5\joda-time-2.10.5.jar;C:\Users\Dell\.m2\repository\com\googlecode\libphonenumber\libphonenumber\8.11.1\libphonenumber-8.11.1.jar;C:\Users\Dell\.m2\repository\net\sf\jopt-simple\jopt-simple\5.0.4\jopt-simple-5.0.4.jar;C:\Users\Dell\.m2\repository\com\google\guava\guava\32.0.1-jre\guava-32.0.1-jre.jar;C:\Users\Dell\.m2\repository\com\google\guava\failureaccess\1.0.1\failureaccess-1.0.1.jar;C:\Users\Dell\.m2\repository\com\google\guava\listenablefuture\9999.0-empty-to-avoid-conflict-with-guava\listenablefuture-9999.0-empty-to-avoid-conflict-with-guava.jar;C:\Users\Dell\.m2\repository\org\checkerframework\checker-qual\3.33.0\checker-qual-3.33.0.jar;C:\Users\Dell\.m2\repository\com\google\errorprone\error_prone_annotations\2.18.0\error_prone_annotations-2.18.0.jar;C:\Users\Dell\.m2\repository\com\google\j2objc\j2objc-annotations\2.8\j2objc-annotations-2.8.jar;C:\Users\Dell\.m2\repository\org\apache\logging\log4j\log4j-slf4j-impl\2.19.0\log4j-slf4j-impl-2.19.0.jar;C:\Users\Dell\.m2\repository\org\seleniumhq\selenium\selenium-java\3.141.59\selenium-java-3.141.59.jar;C:\Users\Dell\.m2\repository\org\seleniumhq\selenium\selenium-api\3.141.59\selenium-api-3.141.59.jar;C:\Users\Dell\.m2\repository\org\seleniumhq\selenium\selenium-chrome-driver\3.141.59\selenium-chrome-driver-3.141.59.jar;C:\Users\Dell\.m2\repository\org\seleniumhq\selenium\selenium-edge-driver\3.141.59\selenium-edge-driver-3.141.59.jar;C:\Users\Dell\.m2\repository\org\seleniumhq\selenium\selenium-firefox-driver\3.141.59\selenium-firefox-driver-3.141.59.jar;C:\Users\Dell\.m2\repository\org\seleniumhq\selenium\selenium-ie-driver\3.141.59\selenium-ie-driver-3.141.59.jar;C:\Users\Dell\.m2\repository\org\seleniumhq\selenium\selenium-opera-driver\3.141.59\selenium-opera-driver-3.141.59.jar;C:\Users\Dell\.m2\repository\org\seleniumhq\selenium\selenium-remote-driver\3.141.59\selenium-remote-driver-3.141.59.jar;C:\Users\Dell\.m2\repository\org\seleniumhq\selenium\selenium-safari-driver\3.141.59\selenium-safari-driver-3.141.59.jar;C:\Users\Dell\.m2\repository\org\seleniumhq\selenium\selenium-support\3.141.59\selenium-support-3.141.59.jar;C:\Users\Dell\.m2\repository\net\bytebuddy\byte-buddy\1.8.15\byte-buddy-1.8.15.jar;C:\Users\Dell\.m2\repository\org\apache\commons\commons-exec\1.3\commons-exec-1.3.jar;C:\Users\Dell\.m2\repository\com\squareup\okhttp3\okhttp\3.11.0\okhttp-3.11.0.jar;C:\Users\Dell\.m2\repository\com\squareup\okio\okio\1.14.0\okio-1.14.0.jar;C:\Users\Dell\.m2\repository\io\github\bonigarcia\webdrivermanager\5.0.3\webdrivermanager-5.0.3.jar;C:\Users\Dell\.m2\repository\org\jsoup\jsoup\1.14.2\jsoup-1.14.2.jar;C:\Users\Dell\.m2\repository\com\github\docker-java\docker-java\3.2.12\docker-java-3.2.12.jar;C:\Users\Dell\.m2\repository\com\github\docker-java\docker-java-core\3.2.12\docker-java-core-3.2.12.jar;C:\Users\Dell\.m2\repository\com\github\docker-java\docker-java-api\3.2.12\docker-java-api-3.2.12.jar;C:\Users\Dell\.m2\repository\commons-lang\commons-lang\2.6\commons-lang-2.6.jar;C:\Users\Dell\.m2\repository\org\bouncycastle\bcpkix-jdk15on\1.64\bcpkix-jdk15on-1.64.jar;C:\Users\Dell\.m2\repository\org\bouncycastle\bcprov-jdk15on\1.64\bcprov-jdk15on-1.64.jar;C:\Users\Dell\.m2\repository\org\slf4j\jcl-over-slf4j\1.7.30\jcl-over-slf4j-1.7.30.jar;C:\Users\Dell\.m2\repository\com\github\docker-java\docker-java-transport-httpclient5\3.2.12\docker-java-transport-httpclient5-3.2.12.jar;C:\Users\Dell\.m2\repository\com\github\docker-java\docker-java-transport\3.2.12\docker-java-transport-3.2.12.jar;C:\Users\Dell\.m2\repository\org\apache\httpcomponents\client5\httpclient5\5.0.3\httpclient5-5.0.3.jar;C:\Users\Dell\.m2\repository\org\apache\httpcomponents\core5\httpcore5\5.0.2\httpcore5-5.0.2.jar;C:\Users\Dell\.m2\repository\net\java\dev\jna\jna\5.8.0\jna-5.8.0.jar;C:\Users\Dell\.m2\repository\org\brotli\dec\0.1.2\dec-0.1.2.jar;C:\Users\Dell\.m2\repository\com\github\javafaker\javafaker\1.0.2\javafaker-1.0.2.jar;C:\Users\Dell\.m2\repository\org\apache\commons\commons-lang3\3.5\commons-lang3-3.5.jar;C:\Users\Dell\.m2\repository\org\yaml\snakeyaml\1.23\snakeyaml-1.23-android.jar;C:\Users\Dell\.m2\repository\com\github\mifmif\generex\1.0.2\generex-1.0.2.jar;C:\Users\Dell\.m2\repository\dk\brics\automaton\automaton\1.11-8\automaton-1.11-8.jar;C:\Users\Dell\.m2\repository\com\aventstack\extentreports\5.1.1\extentreports-5.1.1.jar;C:\Users\Dell\.m2\repository\io\reactivex\rxjava3\rxjava\3.1.6\rxjava-3.1.6.jar;C:\Users\Dell\.m2\repository\org\reactivestreams\reactive-streams\1.0.4\reactive-streams-1.0.4.jar;C:\Users\Dell\.m2\repository\org\freemarker\freemarker\2.3.32\freemarker-2.3.32.jar;C:\Users\Dell\.m2\repository\org\projectlombok\lombok\1.18.26\lombok-1.18.26.jar;C:\Users\Dell\.m2\repository\org\apache\logging\log4j\log4j-api\2.22.0\log4j-api-2.22.0.jar;C:\Users\Dell\.m2\repository\org\apache\logging\log4j\log4j-core\2.22.0\log4j-core-2.22.0.jar;C:\Users\Dell\.m2\repository\org\apache\poi\poi\5.2.5\poi-5.2.5.jar;C:\Users\Dell\.m2\repository\commons-codec\commons-codec\1.16.0\commons-codec-1.16.0.jar;C:\Users\Dell\.m2\repository\org\apache\commons\commons-collections4\4.4\commons-collections4-4.4.jar;C:\Users\Dell\.m2\repository\org\apache\commons\commons-math3\3.6.1\commons-math3-3.6.1.jar;C:\Users\Dell\.m2\repository\commons-io\commons-io\2.15.0\commons-io-2.15.0.jar;C:\Users\Dell\.m2\repository\com\zaxxer\SparseBitSet\1.3\SparseBitSet-1.3.jar;C:\Users\Dell\.m2\repository\org\apache\poi\poi-ooxml\5.2.5\poi-ooxml-5.2.5.jar;C:\Users\Dell\.m2\repository\org\apache\poi\poi-ooxml-lite\5.2.5\poi-ooxml-lite-5.2.5.jar;C:\Users\Dell\.m2\repository\org\apache\xmlbeans\xmlbeans\5.2.0\xmlbeans-5.2.0.jar;C:\Users\Dell\.m2\repository\org\apache\commons\commons-compress\1.25.0\commons-compress-1.25.0.jar;C:\Users\Dell\.m2\repository\com\github\virtuald\curvesapi\1.08\curvesapi-1.08.jar;"/>
    <property name="java.vm.vendor" value="Oracle Corporation"/>
    <property name="sun.arch.data.model" value="64"/>
    <property name="user.variant" value=""/>
    <property name="java.vendor.url" value="https://java.oracle.com/"/>
    <property name="user.timezone" value="Asia/Calcutta"/>
    <property name="os.name" value="Windows 10"/>
    <property name="java.vm.specification.version" value="17"/>
    <property name="sun.java.launcher" value="SUN_STANDARD"/>
    <property name="user.country" value="US"/>
    <property name="sun.boot.library.path" value="C:\Program Files\Java\jdk-17\bin"/>
    <property name="sun.java.command" value="C:\Users\Dell\AppData\Local\Temp\surefire6107795704299844879\surefirebooter-20231214140010969_3.jar C:\Users\Dell\AppData\Local\Temp\surefire6107795704299844879 2023-12-14T14-00-10_704-jvmRun1 surefire-20231214140010969_1tmp surefire_0-20231214140010969_2tmp"/>
    <property name="jdk.debug" value="release"/>
    <property name="surefire.test.class.path" value="C:\Users\Dell\eclipse-workspace\authorREST_APIValidation\target\test-classes;C:\Users\Dell\eclipse-workspace\authorREST_APIValidation\target\classes;C:\Users\Dell\.m2\repository\io\rest-assured\rest-assured\5.3.2\rest-assured-5.3.2.jar;C:\Users\Dell\.m2\repository\org\apache\groovy\groovy\4.0.11\groovy-4.0.11.jar;C:\Users\Dell\.m2\repository\org\apache\groovy\groovy-xml\4.0.11\groovy-xml-4.0.11.jar;C:\Users\Dell\.m2\repository\org\apache\httpcomponents\httpclient\4.5.13\httpclient-4.5.13.jar;C:\Users\Dell\.m2\repository\org\apache\httpcomponents\httpcore\4.4.13\httpcore-4.4.13.jar;C:\Users\Dell\.m2\repository\commons-logging\commons-logging\1.2\commons-logging-1.2.jar;C:\Users\Dell\.m2\repository\org\apache\httpcomponents\httpmime\4.5.13\httpmime-4.5.13.jar;C:\Users\Dell\.m2\repository\org\hamcrest\hamcrest\2.2\hamcrest-2.2.jar;C:\Users\Dell\.m2\repository\org\ccil\cowan\tagsoup\tagsoup\1.2.1\tagsoup-1.2.1.jar;C:\Users\Dell\.m2\repository\io\rest-assured\xml-path\5.3.2\xml-path-5.3.2.jar;C:\Users\Dell\.m2\repository\io\rest-assured\json-path\5.3.2\json-path-5.3.2.jar;C:\Users\Dell\.m2\repository\org\apache\groovy\groovy-json\4.0.11\groovy-json-4.0.11.jar;C:\Users\Dell\.m2\repository\io\rest-assured\rest-assured-common\5.3.2\rest-assured-common-5.3.2.jar;C:\Users\Dell\.m2\repository\org\json\json\20220320\json-20220320.jar;C:\Users\Dell\.m2\repository\com\google\code\gson\gson\2.10.1\gson-2.10.1.jar;C:\Users\Dell\.m2\repository\org\testng\testng\7.6.1\testng-7.6.1.jar;C:\Users\Dell\.m2\repository\com\google\code\findbugs\jsr305\3.0.2\jsr305-3.0.2.jar;C:\Users\Dell\.m2\repository\org\slf4j\slf4j-api\1.7.36\slf4j-api-1.7.36.jar;C:\Users\Dell\.m2\repository\com\beust\jcommander\1.82\jcommander-1.82.jar;C:\Users\Dell\.m2\repository\org\webjars\jquery\3.6.0\jquery-3.6.0.jar;C:\Users\Dell\.m2\repository\com\github\scribejava\scribejava-apis\8.3.1\scribejava-apis-8.3.1.jar;C:\Users\Dell\.m2\repository\com\github\scribejava\scribejava-core\8.3.1\scribejava-core-8.3.1.jar;C:\Users\Dell\.m2\repository\com\github\scribejava\scribejava-java8\8.3.1\scribejava-java8-8.3.1.jar;C:\Users\Dell\.m2\repository\com\fasterxml\jackson\core\jackson-databind\2.12.3\jackson-databind-2.12.3.jar;C:\Users\Dell\.m2\repository\com\fasterxml\jackson\core\jackson-annotations\2.12.3\jackson-annotations-2.12.3.jar;C:\Users\Dell\.m2\repository\com\fasterxml\jackson\core\jackson-core\2.12.3\jackson-core-2.12.3.jar;C:\Users\Dell\.m2\repository\io\rest-assured\json-schema-validator\5.3.2\json-schema-validator-5.3.2.jar;C:\Users\Dell\.m2\repository\com\github\java-json-tools\json-schema-validator\2.2.14\json-schema-validator-2.2.14.jar;C:\Users\Dell\.m2\repository\com\github\java-json-tools\jackson-coreutils-equivalence\1.0\jackson-coreutils-equivalence-1.0.jar;C:\Users\Dell\.m2\repository\com\github\java-json-tools\jackson-coreutils\2.0\jackson-coreutils-2.0.jar;C:\Users\Dell\.m2\repository\com\github\java-json-tools\msg-simple\1.2\msg-simple-1.2.jar;C:\Users\Dell\.m2\repository\com\github\java-json-tools\btf\1.3\btf-1.3.jar;C:\Users\Dell\.m2\repository\com\github\java-json-tools\json-schema-core\1.2.14\json-schema-core-1.2.14.jar;C:\Users\Dell\.m2\repository\com\github\java-json-tools\uri-template\0.10\uri-template-0.10.jar;C:\Users\Dell\.m2\repository\org\mozilla\rhino\1.7.7.2\rhino-1.7.7.2.jar;C:\Users\Dell\.m2\repository\com\sun\mail\mailapi\1.6.2\mailapi-1.6.2.jar;C:\Users\Dell\.m2\repository\joda-time\joda-time\2.10.5\joda-time-2.10.5.jar;C:\Users\Dell\.m2\repository\com\googlecode\libphonenumber\libphonenumber\8.11.1\libphonenumber-8.11.1.jar;C:\Users\Dell\.m2\repository\net\sf\jopt-simple\jopt-simple\5.0.4\jopt-simple-5.0.4.jar;C:\Users\Dell\.m2\repository\com\google\guava\guava\32.0.1-jre\guava-32.0.1-jre.jar;C:\Users\Dell\.m2\repository\com\google\guava\failureaccess\1.0.1\failureaccess-1.0.1.jar;C:\Users\Dell\.m2\repository\com\google\guava\listenablefuture\9999.0-empty-to-avoid-conflict-with-guava\listenablefuture-9999.0-empty-to-avoid-conflict-with-guava.jar;C:\Users\Dell\.m2\repository\org\checkerframework\checker-qual\3.33.0\checker-qual-3.33.0.jar;C:\Users\Dell\.m2\repository\com\google\errorprone\error_prone_annotations\2.18.0\error_prone_annotations-2.18.0.jar;C:\Users\Dell\.m2\repository\com\google\j2objc\j2objc-annotations\2.8\j2objc-annotations-2.8.jar;C:\Users\Dell\.m2\repository\org\apache\logging\log4j\log4j-slf4j-impl\2.19.0\log4j-slf4j-impl-2.19.0.jar;C:\Users\Dell\.m2\repository\org\seleniumhq\selenium\selenium-java\3.141.59\selenium-java-3.141.59.jar;C:\Users\Dell\.m2\repository\org\seleniumhq\selenium\selenium-api\3.141.59\selenium-api-3.141.59.jar;C:\Users\Dell\.m2\repository\org\seleniumhq\selenium\selenium-chrome-driver\3.141.59\selenium-chrome-driver-3.141.59.jar;C:\Users\Dell\.m2\repository\org\seleniumhq\selenium\selenium-edge-driver\3.141.59\selenium-edge-driver-3.141.59.jar;C:\Users\Dell\.m2\repository\org\seleniumhq\selenium\selenium-firefox-driver\3.141.59\selenium-firefox-driver-3.141.59.jar;C:\Users\Dell\.m2\repository\org\seleniumhq\selenium\selenium-ie-driver\3.141.59\selenium-ie-driver-3.141.59.jar;C:\Users\Dell\.m2\repository\org\seleniumhq\selenium\selenium-opera-driver\3.141.59\selenium-opera-driver-3.141.59.jar;C:\Users\Dell\.m2\repository\org\seleniumhq\selenium\selenium-remote-driver\3.141.59\selenium-remote-driver-3.141.59.jar;C:\Users\Dell\.m2\repository\org\seleniumhq\selenium\selenium-safari-driver\3.141.59\selenium-safari-driver-3.141.59.jar;C:\Users\Dell\.m2\repository\org\seleniumhq\selenium\selenium-support\3.141.59\selenium-support-3.141.59.jar;C:\Users\Dell\.m2\repository\net\bytebuddy\byte-buddy\1.8.15\byte-buddy-1.8.15.jar;C:\Users\Dell\.m2\repository\org\apache\commons\commons-exec\1.3\commons-exec-1.3.jar;C:\Users\Dell\.m2\repository\com\squareup\okhttp3\okhttp\3.11.0\okhttp-3.11.0.jar;C:\Users\Dell\.m2\repository\com\squareup\okio\okio\1.14.0\okio-1.14.0.jar;C:\Users\Dell\.m2\repository\io\github\bonigarcia\webdrivermanager\5.0.3\webdrivermanager-5.0.3.jar;C:\Users\Dell\.m2\repository\org\jsoup\jsoup\1.14.2\jsoup-1.14.2.jar;C:\Users\Dell\.m2\repository\com\github\docker-java\docker-java\3.2.12\docker-java-3.2.12.jar;C:\Users\Dell\.m2\repository\com\github\docker-java\docker-java-core\3.2.12\docker-java-core-3.2.12.jar;C:\Users\Dell\.m2\repository\com\github\docker-java\docker-java-api\3.2.12\docker-java-api-3.2.12.jar;C:\Users\Dell\.m2\repository\commons-lang\commons-lang\2.6\commons-lang-2.6.jar;C:\Users\Dell\.m2\repository\org\bouncycastle\bcpkix-jdk15on\1.64\bcpkix-jdk15on-1.64.jar;C:\Users\Dell\.m2\repository\org\bouncycastle\bcprov-jdk15on\1.64\bcprov-jdk15on-1.64.jar;C:\Users\Dell\.m2\repository\org\slf4j\jcl-over-slf4j\1.7.30\jcl-over-slf4j-1.7.30.jar;C:\Users\Dell\.m2\repository\com\github\docker-java\docker-java-transport-httpclient5\3.2.12\docker-java-transport-httpclient5-3.2.12.jar;C:\Users\Dell\.m2\repository\com\github\docker-java\docker-java-transport\3.2.12\docker-java-transport-3.2.12.jar;C:\Users\Dell\.m2\repository\org\apache\httpcomponents\client5\httpclient5\5.0.3\httpclient5-5.0.3.jar;C:\Users\Dell\.m2\repository\org\apache\httpcomponents\core5\httpcore5\5.0.2\httpcore5-5.0.2.jar;C:\Users\Dell\.m2\repository\net\java\dev\jna\jna\5.8.0\jna-5.8.0.jar;C:\Users\Dell\.m2\repository\org\brotli\dec\0.1.2\dec-0.1.2.jar;C:\Users\Dell\.m2\repository\com\github\javafaker\javafaker\1.0.2\javafaker-1.0.2.jar;C:\Users\Dell\.m2\repository\org\apache\commons\commons-lang3\3.5\commons-lang3-3.5.jar;C:\Users\Dell\.m2\repository\org\yaml\snakeyaml\1.23\snakeyaml-1.23-android.jar;C:\Users\Dell\.m2\repository\com\github\mifmif\generex\1.0.2\generex-1.0.2.jar;C:\Users\Dell\.m2\repository\dk\brics\automaton\automaton\1.11-8\automaton-1.11-8.jar;C:\Users\Dell\.m2\repository\com\aventstack\extentreports\5.1.1\extentreports-5.1.1.jar;C:\Users\Dell\.m2\repository\io\reactivex\rxjava3\rxjava\3.1.6\rxjava-3.1.6.jar;C:\Users\Dell\.m2\repository\org\reactivestreams\reactive-streams\1.0.4\reactive-streams-1.0.4.jar;C:\Users\Dell\.m2\repository\org\freemarker\freemarker\2.3.32\freemarker-2.3.32.jar;C:\Users\Dell\.m2\repository\org\projectlombok\lombok\1.18.26\lombok-1.18.26.jar;C:\Users\Dell\.m2\repository\org\apache\logging\log4j\log4j-api\2.22.0\log4j-api-2.22.0.jar;C:\Users\Dell\.m2\repository\org\apache\logging\log4j\log4j-core\2.22.0\log4j-core-2.22.0.jar;C:\Users\Dell\.m2\repository\org\apache\poi\poi\5.2.5\poi-5.2.5.jar;C:\Users\Dell\.m2\repository\commons-codec\commons-codec\1.16.0\commons-codec-1.16.0.jar;C:\Users\Dell\.m2\repository\org\apache\commons\commons-collections4\4.4\commons-collections4-4.4.jar;C:\Users\Dell\.m2\repository\org\apache\commons\commons-math3\3.6.1\commons-math3-3.6.1.jar;C:\Users\Dell\.m2\repository\commons-io\commons-io\2.15.0\commons-io-2.15.0.jar;C:\Users\Dell\.m2\repository\com\zaxxer\SparseBitSet\1.3\SparseBitSet-1.3.jar;C:\Users\Dell\.m2\repository\org\apache\poi\poi-ooxml\5.2.5\poi-ooxml-5.2.5.jar;C:\Users\Dell\.m2\repository\org\apache\poi\poi-ooxml-lite\5.2.5\poi-ooxml-lite-5.2.5.jar;C:\Users\Dell\.m2\repository\org\apache\xmlbeans\xmlbeans\5.2.0\xmlbeans-5.2.0.jar;C:\Users\Dell\.m2\repository\org\apache\commons\commons-compress\1.25.0\commons-compress-1.25.0.jar;C:\Users\Dell\.m2\repository\com\github\virtuald\curvesapi\1.08\curvesapi-1.08.jar;"/>
    <property name="sun.cpu.endian" value="little"/>
    <property name="user.home" value="C:\Users\Dell"/>
    <property name="user.language" value="en"/>
    <property name="java.specification.vendor" value="Oracle Corporation"/>
    <property name="java.version.date" value="2023-10-17"/>
    <property name="java.home" value="C:\Program Files\Java\jdk-17"/>
    <property name="file.separator" value="\"/>
    <property name="basedir" value="C:\Users\Dell\eclipse-workspace\authorREST_APIValidation"/>
    <property name="java.vm.compressedOopsMode" value="32-bit"/>
    <property name="line.separator" value="&#10;"/>
    <property name="java.vm.specification.vendor" value="Oracle Corporation"/>
    <property name="java.specification.name" value="Java Platform API Specification"/>
    <property name="surefire.real.class.path" value="C:\Users\Dell\AppData\Local\Temp\surefire6107795704299844879\surefirebooter-20231214140010969_3.jar"/>
    <property name="user.script" value=""/>
    <property name="sun.management.compiler" value="HotSpot 64-Bit Tiered Compilers"/>
    <property name="java.runtime.version" value="17.0.9+11-LTS-201"/>
    <property name="user.name" value="Dell"/>
    <property name="path.separator" value=";"/>
    <property name="os.version" value="10.0"/>
    <property name="java.runtime.name" value="Java(TM) SE Runtime Environment"/>
    <property name="file.encoding" value="Cp1252"/>
    <property name="java.vm.name" value="Java HotSpot(TM) 64-Bit Server VM"/>
    <property name="localRepository" value="C:\Users\Dell\.m2\repository"/>
    <property name="java.vendor.url.bug" value="https://bugreport.java.com/bugreport/"/>
    <property name="java.io.tmpdir" value="C:\Users\Dell\AppData\Local\Temp\"/>
    <property name="java.version" value="17.0.9"/>
    <property name="user.dir" value="C:\Users\Dell\eclipse-workspace\authorREST_APIValidation"/>
    <property name="os.arch" value="amd64"/>
    <property name="java.vm.specification.name" value="Java Virtual Machine Specification"/>
    <property name="sun.os.patch.level" value=""/>
    <property name="native.encoding" value="Cp1252"/>
    <property name="java.library.path" value="C:\Program Files\Java\jdk-17\bin;C:\WINDOWS\Sun\Java\bin;C:\WINDOWS\system32;C:\WINDOWS;C:\Program Files\Common Files\Oracle\Java\javapath;C:\Users\Dell\Downloads\apache-maven-3.9.5-bin\apache-maven-3.9.5\bin;C:\Program Files\nodejs\;C:\apache-maven-3.9.6\bin;C:\Program Files\Java\jdk-17\bin;C:\Program Files\MySQL\MySQL Shell 8.0\bin\;C:\Users\Dell\AppData\Local\Microsoft\WindowsApps;;C:\Program Files\JetBrains\IntelliJ IDEA Community Edition 2022.3.2\bin;;C:\Users\Dell\AppData\Local\Programs\Microsoft VS Code\bin;C:\Users\Dell\AppData\Roaming\npm;."/>
    <property name="java.vm.info" value="mixed mode, sharing"/>
    <property name="java.vendor" value="Oracle Corporation"/>
    <property name="java.vm.version" value="17.0.9+11-LTS-201"/>
    <property name="sun.io.unicode.encoding" value="UnicodeLittle"/>
    <property name="java.class.version" value="61.0"/>
  </properties>
  <testcase name="testPOST[1200, 50, Palash, Marconi](1)" classname="api.testValidations.dataDrivenValidations" time="3.865"/>
  <testcase name="testPOST[1300, 45, Gutthi, Churmura ](2)" classname="api.testValidations.dataDrivenValidations" time="1.476"/>
  <testcase name="testPOST[1400, 23, Patthi, Piloi](3)" classname="api.testValidations.dataDrivenValidations" time="1.535"/>
  <testcase name="testPOST[1340, 34, Kutti, Chutiya](4)" classname="api.testValidations.dataDrivenValidations" time="1.536"/>
  <testcase name="testGET[50](1)" classname="api.testValidations.dataDrivenValidations" time="1.516"/>
  <testcase name="testGET[45](2)" classname="api.testValidations.dataDrivenValidations" time="1.537"/>
  <testcase name="testGET[23](3)" classname="api.testValidations.dataDrivenValidations" time="1.533"/>
  <testcase name="testGET[34](4)" classname="api.testValidations.dataDrivenValidations" time="1.435"/>
  <testcase name="testDELETE[50](1)" classname="api.testValidations.dataDrivenValidations" time="1.532"/>
  <testcase name="testDELETE[45](2)" classname="api.testValidations.dataDrivenValidations" time="1.519"/>
  <testcase name="testDELETE[23](3)" classname="api.testValidations.dataDrivenValidations" time="1.433"/>
  <testcase name="testDELETE[34](4)" classname="api.testValidations.dataDrivenValidations" time="1.533"/>
  <testcase name="testPOST" classname="api.testValidations.testValidations" time="1.494">
    <system-out><![CDATA[HTTP/1.1 200 OK
Content-Type: application/json; charset=utf-8; v=1.0
Date: Thu, 14 Dec 2023 08:28:20 GMT
Server: Kestrel
Transfer-Encoding: chunked
api-supported-versions: 1.0

{
    "id": 1303849183,
    "idBook": 11588583,
    "firstName": "Ron",
    "lastName": "Goyette"
}
]]></system-out>
  </testcase>
  <testcase name="testGET" classname="api.testValidations.testValidations" time="1.516">
    <system-out><![CDATA[HTTP/1.1 404 Not Found
Content-Type: application/problem+json; charset=utf-8; v=1.0
Date: Thu, 14 Dec 2023 08:28:22 GMT
Server: Kestrel
Transfer-Encoding: chunked
api-supported-versions: 1.0

{
    "type": "https://tools.ietf.org/html/rfc7231#section-6.5.4",
    "title": "Not Found",
    "status": 404,
    "traceId": "00-6cee414dc8c0ab44a3c9b722f0c00b88-56f753e2260dbd4a-00"
}
]]></system-out>
  </testcase>
  <testcase name="testPUT" classname="api.testValidations.testValidations" time="1.513">
    <system-out><![CDATA[HTTP/1.1 200 OK
Content-Type: application/json; charset=utf-8; v=1.0
Date: Thu, 14 Dec 2023 08:28:23 GMT
Server: Kestrel
Transfer-Encoding: chunked
api-supported-versions: 1.0

{
    "id": 1779044114,
    "idBook": 191883794,
    "firstName": "Erma",
    "lastName": "Pacocha"
}
]]></system-out>
  </testcase>
  <testcase name="testDELETE" classname="api.testValidations.testValidations" time="2.446">
    <system-out><![CDATA[HTTP/1.1 200 OK
Content-Length: 0
Date: Thu, 14 Dec 2023 08:28:26 GMT
Server: Kestrel
api-supported-versions: 1.0
]]></system-out>
  </testcase>
</testsuite>