<?xml version="1.0" encoding="UTF-8"?>
<!-- Generated by org.testng.reporters.JUnitReportReporter -->
<testsuite hostname="DESKTOP-P6GQ53L" failures="0" tests="4" name="api.testValidations.testValidations" time="7.056" errors="0" timestamp="2023-12-13T10:30:22 IST" skipped="0">
  <testcase classname="api.testValidations.testValidations" name="testPOST" time="1.548"/>
  <system-out/>
  <testcase classname="api.testValidations.testValidations" name="testGET" time="1.855"/>
  <system-out/>
  <testcase classname="api.testValidations.testValidations" name="testPUT" time="1.707"/>
  <system-out/>
  <testcase classname="api.testValidations.testValidations" name="testDELETE" time="1.946"/>
  <system-out/>
</testsuite> <!-- api.testValidations.testValidations -->
