<?xml version="1.0" encoding="UTF-8"?>
<!-- Generated by org.testng.reporters.JUnitReportReporter -->
<testsuite hostname="DESKTOP-P6GQ53L" failures="0" tests="12" name="api.testValidations.dataDrivenValidations" time="23.607" errors="0" timestamp="2023-12-13T10:30:22 IST" skipped="0">
  <testcase classname="api.testValidations.dataDrivenValidations" name="testPOST" time="1.533"/>
  <system-out/>
  <testcase classname="api.testValidations.dataDrivenValidations" name="testPOST" time="1.669"/>
  <system-out/>
  <testcase classname="api.testValidations.dataDrivenValidations" name="testPOST" time="1.636"/>
  <system-out/>
  <testcase classname="api.testValidations.dataDrivenValidations" name="testPOST" time="4.712"/>
  <system-out/>
  <testcase classname="api.testValidations.dataDrivenValidations" name="testGET" time="1.819"/>
  <system-out/>
  <testcase classname="api.testValidations.dataDrivenValidations" name="testGET" time="1.533"/>
  <system-out/>
  <testcase classname="api.testValidations.dataDrivenValidations" name="testGET" time="1.535"/>
  <system-out/>
  <testcase classname="api.testValidations.dataDrivenValidations" name="testGET" time="1.636"/>
  <system-out/>
  <testcase classname="api.testValidations.dataDrivenValidations" name="testDELETE" time="1.533"/>
  <system-out/>
  <testcase classname="api.testValidations.dataDrivenValidations" name="testDELETE" time="2.542"/>
  <system-out/>
  <testcase classname="api.testValidations.dataDrivenValidations" name="testDELETE" time="1.634"/>
  <system-out/>
  <testcase classname="api.testValidations.dataDrivenValidations" name="testDELETE" time="1.825"/>
  <system-out/>
</testsuite> <!-- api.testValidations.dataDrivenValidations -->
