<?xml version="1.0" encoding="UTF-8"?>
<!-- Generated by org.testng.reporters.JUnitReportReporter -->
<testsuite hostname="DESKTOP-P6GQ53L" failures="0" tests="12" name="api.testValidations.dataDrivenValidations" time="16.357" errors="0" timestamp="2023-12-16T10:24:40 IST" skipped="0">
  <testcase classname="api.testValidations.dataDrivenValidations" name="testPOST" time="1.125"/>
  <system-out/>
  <testcase classname="api.testValidations.dataDrivenValidations" name="testPOST" time="1.203"/>
  <system-out/>
  <testcase classname="api.testValidations.dataDrivenValidations" name="testPOST" time="3.790"/>
  <system-out/>
  <testcase classname="api.testValidations.dataDrivenValidations" name="testPOST" time="1.155"/>
  <system-out/>
  <testcase classname="api.testValidations.dataDrivenValidations" name="testGET" time="1.128"/>
  <system-out/>
  <testcase classname="api.testValidations.dataDrivenValidations" name="testGET" time="1.215"/>
  <system-out/>
  <testcase classname="api.testValidations.dataDrivenValidations" name="testGET" time="1.175"/>
  <system-out/>
  <testcase classname="api.testValidations.dataDrivenValidations" name="testGET" time="1.095"/>
  <system-out/>
  <testcase classname="api.testValidations.dataDrivenValidations" name="testDELETE" time="1.073"/>
  <system-out/>
  <testcase classname="api.testValidations.dataDrivenValidations" name="testDELETE" time="1.139"/>
  <system-out/>
  <testcase classname="api.testValidations.dataDrivenValidations" name="testDELETE" time="1.195"/>
  <system-out/>
  <testcase classname="api.testValidations.dataDrivenValidations" name="testDELETE" time="1.064"/>
  <system-out/>
</testsuite> <!-- api.testValidations.dataDrivenValidations -->
