<?xml version="1.0" encoding="UTF-8"?>
<!-- Generated by org.testng.reporters.JUnitReportReporter -->
<testsuite hostname="QASudeep" failures="0" tests="12" name="api.testValidations.dataDrivenValidations" time="11.312" errors="0" timestamp="2024-01-19T17:33:48 IST" skipped="0">
  <testcase classname="api.testValidations.dataDrivenValidations" name="testPOST" time="0.814"/>
  <system-out/>
  <testcase classname="api.testValidations.dataDrivenValidations" name="testPOST" time="0.747"/>
  <system-out/>
  <testcase classname="api.testValidations.dataDrivenValidations" name="testPOST" time="3.083"/>
  <system-out/>
  <testcase classname="api.testValidations.dataDrivenValidations" name="testPOST" time="0.711"/>
  <system-out/>
  <testcase classname="api.testValidations.dataDrivenValidations" name="testGET" time="0.918"/>
  <system-out/>
  <testcase classname="api.testValidations.dataDrivenValidations" name="testGET" time="0.732"/>
  <system-out/>
  <testcase classname="api.testValidations.dataDrivenValidations" name="testGET" time="0.674"/>
  <system-out/>
  <testcase classname="api.testValidations.dataDrivenValidations" name="testGET" time="0.902"/>
  <system-out/>
  <testcase classname="api.testValidations.dataDrivenValidations" name="testDELETE" time="0.713"/>
  <system-out/>
  <testcase classname="api.testValidations.dataDrivenValidations" name="testDELETE" time="0.694"/>
  <system-out/>
  <testcase classname="api.testValidations.dataDrivenValidations" name="testDELETE" time="0.606"/>
  <system-out/>
  <testcase classname="api.testValidations.dataDrivenValidations" name="testDELETE" time="0.718"/>
  <system-out/>
</testsuite> <!-- api.testValidations.dataDrivenValidations -->
