<?xml version="1.0" encoding="UTF-8"?>
<!-- Generated by org.testng.reporters.JUnitReportReporter -->
<testsuite hostname="DESKTOP-P6GQ53L" failures="0" tests="4" name="api.testValidations.testValidations" time="7.260" errors="0" timestamp="2023-12-14T14:00:43 IST" skipped="0">
  <testcase classname="api.testValidations.testValidations" name="testPOST" time="1.554"/>
  <system-out/>
  <testcase classname="api.testValidations.testValidations" name="testGET" time="1.520"/>
  <system-out/>
  <testcase classname="api.testValidations.testValidations" name="testPUT" time="1.707"/>
  <system-out/>
  <testcase classname="api.testValidations.testValidations" name="testDELETE" time="2.479"/>
  <system-out/>
</testsuite> <!-- api.testValidations.testValidations -->
