<?xml version="1.0" encoding="UTF-8"?>
<!-- Generated by org.testng.reporters.JUnitReportReporter -->
<testsuite hostname="DESKTOP-P6GQ53L" failures="0" tests="4" name="api.testValidations.testValidations" time="6.698" errors="0" timestamp="2023-12-13T13:40:04 IST" skipped="0">
  <testcase classname="api.testValidations.testValidations" name="testPOST" time="1.672"/>
  <system-out/>
  <testcase classname="api.testValidations.testValidations" name="testGET" time="1.650"/>
  <system-out/>
  <testcase classname="api.testValidations.testValidations" name="testPUT" time="1.683"/>
  <system-out/>
  <testcase classname="api.testValidations.testValidations" name="testDELETE" time="1.693"/>
  <system-out/>
</testsuite> <!-- api.testValidations.testValidations -->
