<?xml version="1.0" encoding="UTF-8"?>
<!-- Generated by org.testng.reporters.JUnitReportReporter -->
<testsuite hostname="DESKTOP-P6GQ53L" failures="0" tests="12" name="api.testValidations.dataDrivenValidations" time="21.339" errors="0" timestamp="2023-12-13T13:40:04 IST" skipped="0">
  <testcase classname="api.testValidations.dataDrivenValidations" name="testPOST" time="4.390"/>
  <system-out/>
  <testcase classname="api.testValidations.dataDrivenValidations" name="testPOST" time="1.550"/>
  <system-out/>
  <testcase classname="api.testValidations.dataDrivenValidations" name="testPOST" time="1.275"/>
  <system-out/>
  <testcase classname="api.testValidations.dataDrivenValidations" name="testPOST" time="1.599"/>
  <system-out/>
  <testcase classname="api.testValidations.dataDrivenValidations" name="testGET" time="1.195"/>
  <system-out/>
  <testcase classname="api.testValidations.dataDrivenValidations" name="testGET" time="1.609"/>
  <system-out/>
  <testcase classname="api.testValidations.dataDrivenValidations" name="testGET" time="1.765"/>
  <system-out/>
  <testcase classname="api.testValidations.dataDrivenValidations" name="testGET" time="1.587"/>
  <system-out/>
  <testcase classname="api.testValidations.dataDrivenValidations" name="testDELETE" time="1.599"/>
  <system-out/>
  <testcase classname="api.testValidations.dataDrivenValidations" name="testDELETE" time="1.482"/>
  <system-out/>
  <testcase classname="api.testValidations.dataDrivenValidations" name="testDELETE" time="1.615"/>
  <system-out/>
  <testcase classname="api.testValidations.dataDrivenValidations" name="testDELETE" time="1.673"/>
  <system-out/>
</testsuite> <!-- api.testValidations.dataDrivenValidations -->
