<?xml version="1.0" encoding="UTF-8"?>
<!-- Generated by org.testng.reporters.JUnitReportReporter -->
<testsuite hostname="QASudeep" failures="0" tests="4" name="api.testValidations.testValidations" time="3.476" errors="0" timestamp="2024-01-19T17:33:48 IST" skipped="0">
  <testcase classname="api.testValidations.testValidations" name="testPOST" time="1.091"/>
  <system-out/>
  <testcase classname="api.testValidations.testValidations" name="testGET" time="0.722"/>
  <system-out/>
  <testcase classname="api.testValidations.testValidations" name="testPUT" time="0.704"/>
  <system-out/>
  <testcase classname="api.testValidations.testValidations" name="testDELETE" time="0.959"/>
  <system-out/>
</testsuite> <!-- api.testValidations.testValidations -->
