<?xml version="1.0" encoding="UTF-8"?>
<!-- Generated by org.testng.reporters.JUnitReportReporter -->
<testsuite hostname="DESKTOP-P6GQ53L" failures="0" tests="12" name="api.testValidations.dataDrivenValidations" time="20.417" errors="0" timestamp="2023-12-14T14:00:43 IST" skipped="0">
  <testcase classname="api.testValidations.dataDrivenValidations" name="testPOST" time="3.857"/>
  <system-out/>
  <testcase classname="api.testValidations.dataDrivenValidations" name="testPOST" time="1.477"/>
  <system-out/>
  <testcase classname="api.testValidations.dataDrivenValidations" name="testPOST" time="1.533"/>
  <system-out/>
  <testcase classname="api.testValidations.dataDrivenValidations" name="testPOST" time="1.535"/>
  <system-out/>
  <testcase classname="api.testValidations.dataDrivenValidations" name="testGET" time="1.433"/>
  <system-out/>
  <testcase classname="api.testValidations.dataDrivenValidations" name="testGET" time="1.536"/>
  <system-out/>
  <testcase classname="api.testValidations.dataDrivenValidations" name="testGET" time="1.514"/>
  <system-out/>
  <testcase classname="api.testValidations.dataDrivenValidations" name="testGET" time="1.532"/>
  <system-out/>
  <testcase classname="api.testValidations.dataDrivenValidations" name="testDELETE" time="1.534"/>
  <system-out/>
  <testcase classname="api.testValidations.dataDrivenValidations" name="testDELETE" time="1.515"/>
  <system-out/>
  <testcase classname="api.testValidations.dataDrivenValidations" name="testDELETE" time="1.517"/>
  <system-out/>
  <testcase classname="api.testValidations.dataDrivenValidations" name="testDELETE" time="1.434"/>
  <system-out/>
</testsuite> <!-- api.testValidations.dataDrivenValidations -->
